<?xml version="1.0" encoding="UTF-8"?>
<testng-results ignored="0" total="1" passed="1" failed="0" skipped="0">
  <reporter-output>
  </reporter-output>
  <suite started-at="2022-01-22T13:15:53 IST" name="Default suite" finished-at="2022-01-22T13:15:56 IST" duration-ms="2915">
    <groups>
    </groups>
    <test started-at="2022-01-22T13:15:53 IST" name="Default test" finished-at="2022-01-22T13:15:56 IST" duration-ms="2915">
      <class name="TestCodes.e2e_1">
        <test-method is-config="true" signature="call_baseURI()[pri:0, instance:TestCodes.e2e_1@5be6e01c]" started-at="2022-01-22T13:15:53 IST" name="call_baseURI" finished-at="2022-01-22T13:15:53 IST" duration-ms="641" status="PASS">
          <reporter-output>
          </reporter-output>
        </test-method> <!-- call_baseURI -->
        <test-method signature="end2end_test()[pri:0, instance:TestCodes.e2e_1@5be6e01c]" started-at="2022-01-22T13:15:53 IST" name="end2end_test" finished-at="2022-01-22T13:15:56 IST" duration-ms="2231" status="PASS">
          <reporter-output>
          </reporter-output>
        </test-method> <!-- end2end_test -->
      </class> <!-- TestCodes.e2e_1 -->
    </test> <!-- Default test -->
  </suite> <!-- Default suite -->
</testng-results>
