<?xml version="1.0" encoding="UTF-8"?>
<testng-results ignored="0" total="9" passed="9" failed="0" skipped="0">
  <reporter-output>
  </reporter-output>
  <suite started-at="2022-01-18T15:59:36 IST" name="Default suite" finished-at="2022-01-18T15:59:37 IST" duration-ms="637">
    <groups>
    </groups>
    <test started-at="2022-01-18T15:59:36 IST" name="Default test" finished-at="2022-01-18T15:59:37 IST" duration-ms="637">
      <class name="nestedJsonResponses">
        <test-method signature="numOfCourses()[pri:1, instance:nestedJsonResponses@3088660d]" started-at="2022-01-18T15:59:36 IST" name="numOfCourses" finished-at="2022-01-18T15:59:36 IST" duration-ms="26" status="PASS">
          <reporter-output>
          </reporter-output>
        </test-method> <!-- numOfCourses -->
        <test-method signature="purchaseAmt()[pri:2, instance:nestedJsonResponses@3088660d]" started-at="2022-01-18T15:59:36 IST" name="purchaseAmt" finished-at="2022-01-18T15:59:36 IST" duration-ms="16" status="PASS">
          <reporter-output>
          </reporter-output>
        </test-method> <!-- purchaseAmt -->
        <test-method signature="courseTitle()[pri:3, instance:nestedJsonResponses@3088660d]" started-at="2022-01-18T15:59:36 IST" name="courseTitle" finished-at="2022-01-18T15:59:36 IST" duration-ms="59" status="PASS">
          <reporter-output>
          </reporter-output>
        </test-method> <!-- courseTitle -->
        <test-method signature="titlePrice()[pri:4, instance:nestedJsonResponses@3088660d]" started-at="2022-01-18T15:59:36 IST" name="titlePrice" finished-at="2022-01-18T15:59:36 IST" duration-ms="110" status="PASS">
          <reporter-output>
          </reporter-output>
        </test-method> <!-- titlePrice -->
        <test-method signature="copiesSold(java.lang.String)[pri:5, instance:nestedJsonResponses@3088660d]" started-at="2022-01-18T15:59:36 IST" name="copiesSold" data-provider="courseTitle" finished-at="2022-01-18T15:59:36 IST" duration-ms="55" status="PASS">
          <params>
            <param index="0">
              <value>
                <![CDATA[RPA]]>
              </value>
            </param>
          </params>
          <reporter-output>
          </reporter-output>
        </test-method> <!-- copiesSold -->
        <test-method signature="copiesSold(java.lang.String)[pri:5, instance:nestedJsonResponses@3088660d]" started-at="2022-01-18T15:59:36 IST" name="copiesSold" data-provider="courseTitle" finished-at="2022-01-18T15:59:37 IST" duration-ms="65" status="PASS">
          <params>
            <param index="0">
              <value>
                <![CDATA[Appium]]>
              </value>
            </param>
          </params>
          <reporter-output>
          </reporter-output>
        </test-method> <!-- copiesSold -->
        <test-method signature="copiesSold(java.lang.String)[pri:5, instance:nestedJsonResponses@3088660d]" started-at="2022-01-18T15:59:37 IST" name="copiesSold" data-provider="courseTitle" finished-at="2022-01-18T15:59:37 IST" duration-ms="35" status="PASS">
          <params>
            <param index="0">
              <value>
                <![CDATA[Cypress]]>
              </value>
            </param>
          </params>
          <reporter-output>
          </reporter-output>
        </test-method> <!-- copiesSold -->
        <test-method signature="copiesSold(java.lang.String)[pri:5, instance:nestedJsonResponses@3088660d]" started-at="2022-01-18T15:59:37 IST" name="copiesSold" data-provider="courseTitle" finished-at="2022-01-18T15:59:37 IST" duration-ms="42" status="PASS">
          <params>
            <param index="0">
              <value>
                <![CDATA[Selenium Python]]>
              </value>
            </param>
          </params>
          <reporter-output>
          </reporter-output>
        </test-method> <!-- copiesSold -->
        <test-method signature="sumOfAllCourse()[pri:6, instance:nestedJsonResponses@3088660d]" started-at="2022-01-18T15:59:37 IST" name="sumOfAllCourse" finished-at="2022-01-18T15:59:37 IST" duration-ms="126" status="PASS">
          <reporter-output>
          </reporter-output>
        </test-method> <!-- sumOfAllCourse -->
      </class> <!-- nestedJsonResponses -->
    </test> <!-- Default test -->
  </suite> <!-- Default suite -->
</testng-results>
