<?xml version="1.0" encoding="UTF-8"?>
<!-- Generated by org.testng.reporters.JUnitXMLReporter -->
<testsuite ignored="0" hostname="AmitSen-PC" failures="0" tests="9" name="Default test" time="0.637" errors="0" timestamp="2022-01-18T15:59:37 IST">
  <testcase classname="nestedJsonResponses" name="numOfCourses" time="0.026"/>
  <testcase classname="nestedJsonResponses" name="purchaseAmt" time="0.016"/>
  <testcase classname="nestedJsonResponses" name="courseTitle" time="0.059"/>
  <testcase classname="nestedJsonResponses" name="titlePrice" time="0.11"/>
  <testcase classname="nestedJsonResponses" name="copiesSold" time="0.055"/>
  <testcase classname="nestedJsonResponses" name="copiesSold" time="0.065"/>
  <testcase classname="nestedJsonResponses" name="copiesSold" time="0.035"/>
  <testcase classname="nestedJsonResponses" name="copiesSold" time="0.042"/>
  <testcase classname="nestedJsonResponses" name="sumOfAllCourse" time="0.126"/>
</testsuite> <!-- Default test -->
